Compilación iniciada a las 15/11/2015 21:50:58.
     1>Proyecto "C:\Users\ccsalazarj\Desktop\Entregas Arquitectura de Computadores\Calculadora\Calculadora\Calculadora.vcxproj" en el nodo 2 (Build destinos).
     1>_MASM:
         Assembling procDivision.asm...
         cmd.exe /C "C:\Users\ccsalazarj\AppData\Local\Temp\tmp4dac348616ad4567af36149cf5e9e309.cmd"
         ml64.exe /c /nologo /Zi /Fo"x64\Debug\procDivision.obj" /W3 /errorReport:prompt  /TaprocDivision.asm
       _MASM:
         Assembling procSuma.asm...
         cmd.exe /C "C:\Users\ccsalazarj\AppData\Local\Temp\tmp7dff273107354af8a2a4cf1f00d494f2.cmd"
         ml64.exe /c /nologo /Zi /Fo"x64\Debug\procSuma.obj" /W3 /errorReport:prompt  /TaprocSuma.asm
       ClCompile:
         C:\Program Files (x86)\Microsoft Visual Studio 11.0\VC\bin\x86_amd64\CL.exe /c /AI"C:\Program Files (x86)\Reference Assemblies\Microsoft\Framework\.NETFramework\v4.0" /AI"C:\Program Files (x86)\Windows Kits\8.0\References\CommonConfiguration\Neutral" /Zi /clr /nologo /W3 /WX- /sdl /Od /D _MBCS /Gm- /EHa /MDd /GS /fp:precise /Zc:wchar_t /Zc:forScope /Fo"x64\Debug\\" /Fd"x64\Debug\vc110.pdb" /TP /FU"C:\Program Files (x86)\Reference Assemblies\Microsoft\Framework\.NETFramework\v4.0\mscorlib.dll" /FU"C:\Program Files (x86)\Reference Assemblies\Microsoft\Framework\.NETFramework\v4.0\System.Data.dll" /FU"C:\Program Files (x86)\Reference Assemblies\Microsoft\Framework\.NETFramework\v4.0\System.dll" /FU"C:\Program Files (x86)\Reference Assemblies\Microsoft\Framework\.NETFramework\v4.0\System.Drawing.dll" /FU"C:\Program Files (x86)\Reference Assemblies\Microsoft\Framework\.NETFramework\v4.0\System.Windows.Forms.dll" /FU"C:\Program Files (x86)\Reference Assemblies\Microsoft\Framework\.NETFramework\v4.0\System.Xml.dll" /errorReport:prompt /clr:nostdlib frmCalculadora.cpp
         frmCalculadora.cpp
     1>frmCalculadora.cpp(9): warning C4829: Parámetros posiblemente incorrectos para la función main. Utilice 'int main(Platform::Array<Platform::String^>^ argv)'
       Link:
         C:\Program Files (x86)\Microsoft Visual Studio 11.0\VC\bin\x86_amd64\link.exe /ERRORREPORT:PROMPT /OUT:"C:\Users\ccsalazarj\Desktop\Entregas Arquitectura de Computadores\Calculadora\x64\Debug\Calculadora.exe" /INCREMENTAL /NOLOGO kernel32.lib user32.lib gdi32.lib winspool.lib comdlg32.lib advapi32.lib shell32.lib ole32.lib oleaut32.lib uuid.lib odbc32.lib odbccp32.lib /ASSEMBLYRESOURCE:x64\Debug\Calculadora.frmCalculadora.resources /MANIFEST /MANIFESTUAC:"level='asInvoker' uiAccess='false'" /manifest:embed /DEBUG /PDB:"C:\Users\ccsalazarj\Desktop\Entregas Arquitectura de Computadores\Calculadora\x64\Debug\Calculadora.pdb" /ASSEMBLYDEBUG /SUBSYSTEM:WINDOWS /TLBID:1 /ENTRY:"main" /DYNAMICBASE /FIXED:NO /NXCOMPAT /MACHINE:X64 x64\Debug\frmCalculadora.obj
         "x64\Debug\.NETFramework,Version=v4.0.AssemblyAttributes.obj"
         x64\Debug\procDivision.obj
         x64\Debug\procMultiplicacion.obj
         x64\Debug\procRaiz.obj
         x64\Debug\procResta.obj
         x64\Debug\procSuma.obj
         Calculadora.vcxproj -> C:\Users\ccsalazarj\Desktop\Entregas Arquitectura de Computadores\Calculadora\x64\Debug\Calculadora.exe
     1>Compilación del proyecto terminada "C:\Users\ccsalazarj\Desktop\Entregas Arquitectura de Computadores\Calculadora\Calculadora\Calculadora.vcxproj" (Build destinos).

Compilación correcta.

Tiempo transcurrido 00:00:03.94
